
> app-design@0.1.0 build
> next build

[@sentry/nextjs] WARNING: You are using the Sentry SDK with `next build --turbo`. The Sentry SDK doesn't yet fully support Turbopack. The SDK will not be loaded in the browser, and serverside instrumentation will be inaccurate or incomplete. If you are just trying out Sentry or attempting to configure the SDK, we recommend temporarily removing the `--turbo` flag while you are developing locally. Follow this issue for progress on Sentry + Turbopack: https://github.com/getsentry/sentry-javascript/issues/8105. (You can suppress this warning by setting SENTRY_SUPPRESS_TURBOPACK_WARNING=1 as environment variable)
Attention: Next.js now collects completely anonymous telemetry regarding usage.
This information is used to shape Next.js' roadmap and prioritize features.
You can learn more, including how to opt-out if you'd not like to participate in this anonymous program, by visiting the following URL:
https://nextjs.org/telemetry

▲ Next.js 16.1.6 (Turbopack)
- Experiments (use with caution):
  · clientTraceMetadata

  Creating an optimized production build ...
[@sentry/nextjs] WARNING: You are using the Sentry SDK with `next build --turbo`. The Sentry SDK doesn't yet fully support Turbopack. The SDK will not be loaded in the browser, and serverside instrumentation will be inaccurate or incomplete. If you are just trying out Sentry or attempting to configure the SDK, we recommend temporarily removing the `--turbo` flag while you are developing locally. Follow this issue for progress on Sentry + Turbopack: https://github.com/getsentry/sentry-javascript/issues/8105. (You can suppress this warning by setting SENTRY_SUPPRESS_TURBOPACK_WARNING=1 as environment variable)
Turbopack build encountered 2 warnings:
[next]/internal/font/google/inter_5901b7c6.module.css
Error while requesting resource
There was an issue establishing a connection while requesting https://fonts.googleapis.com/css2?family=Inter:wght@100..900&display=swap
Hint: It looks like this error was TLS-related. Try enabling system TLS certificates with NEXT_TURBOPACK_EXPERIMENTAL_USE_SYSTEM_TLS_CERTS=1 as an environment variable, or set experimental.turbopackUseSystemTlsCerts in your next.config.js file.

Import trace:
  Server Component:
    [next]/internal/font/google/inter_5901b7c6.module.css
    [next]/internal/font/google/inter_5901b7c6.js
    ./app/layout.tsx


[next]/internal/font/google/playfair_display_dc3b86c2.module.css
Error while requesting resource
There was an issue establishing a connection while requesting https://fonts.googleapis.com/css2?family=Playfair+Display:wght@400..900&display=swap
Hint: It looks like this error was TLS-related. Try enabling system TLS certificates with NEXT_TURBOPACK_EXPERIMENTAL_USE_SYSTEM_TLS_CERTS=1 as an environment variable, or set experimental.turbopackUseSystemTlsCerts in your next.config.js file.

Import trace:
  Server Component:
    [next]/internal/font/google/playfair_display_dc3b86c2.module.css
    [next]/internal/font/google/playfair_display_dc3b86c2.js
    ./app/layout.tsx



> Build error occurred
Error: Turbopack build failed with 2 errors:
[next]/internal/font/google/inter_5901b7c6.module.css
next/font: error:
Failed to fetch `Inter` from Google Fonts.

Import trace:
  Server Component:
    [next]/internal/font/google/inter_5901b7c6.module.css
    [next]/internal/font/google/inter_5901b7c6.js
    ./app/layout.tsx


[next]/internal/font/google/playfair_display_dc3b86c2.module.css
next/font: error:
Failed to fetch `Playfair Display` from Google Fonts.

Import trace:
  Server Component:
    [next]/internal/font/google/playfair_display_dc3b86c2.module.css
    [next]/internal/font/google/playfair_display_dc3b86c2.js
    ./app/layout.tsx


    at ignore-listed frames
